<?xml version="1.0" encoding="UTF-8"?>
<!-- Generated by org.testng.reporters.JUnitReportReporter -->
<testsuite hostname="YY231502" failures="0" tests="1" name="Get_Request" time="4.482" errors="0" timestamp="2021-09-05T19:16:18 IST" skipped="0">
  <testcase classname="Get_Request" name="getSpacexLaunchDetails" time="4.482"/>
  <system-out/>
</testsuite> <!-- Get_Request -->
